<?xml version="1.0" encoding="UTF-8"?>
<!-- Generated by org.testng.reporters.JUnitReportReporter -->
<testsuite hostname="DESKTOP-8C0LO3K" failures="0" tests="1" name="uiComponents.UsingAssertions" time="6.613" errors="0" timestamp="2024-06-08T12:11:57 IST" skipped="0">
  <testcase classname="uiComponents.UsingAssertions" name="mytest" time="6.613"/>
</testsuite> <!-- uiComponents.UsingAssertions -->
