<?xml version="1.0" encoding="UTF-8"?>
<!-- Generated by org.testng.reporters.JUnitReportReporter -->
<testsuite hostname="PMAHAJA2-M-M4GK" failures="0" tests="1" name="com.test.testNG1" time="0.435" errors="0" timestamp="2024-06-09T19:10:58 IST" skipped="0">
  <testcase classname="com.test.testNG1" name="title" time="0.435"/>
</testsuite> <!-- com.test.testNG1 -->
