<?xml version="1.0" encoding="UTF-8"?>
<!-- Generated by org.testng.reporters.JUnitReportReporter -->
<testsuite hostname="DESKTOP-8C0LO3K" failures="0" tests="2" name="dataProviders.LearnDataProviders" time="0.004" errors="0" timestamp="2024-06-08T12:43:49 IST" skipped="0">
  <testcase classname="dataProviders.LearnDataProviders" name="mytest2" time="0.003"/>
  <testcase classname="dataProviders.LearnDataProviders" name="mytest2" time="0.001"/>
</testsuite> <!-- dataProviders.LearnDataProviders -->
