<?xml version="1.0" encoding="UTF-8"?>
<!-- Generated by org.testng.reporters.JUnitReportReporter -->
<testsuite hostname="DESKTOP-8C0LO3K" failures="0" tests="2" name="learn_testNG.WebTesting" time="0.012" errors="0" timestamp="2024-06-08T11:16:08 IST" skipped="0">
  <testcase classname="learn_testNG.WebTesting" name="firstWebTest" time="0.011"/>
  <testcase classname="learn_testNG.WebTesting" name="secondWebTest" time="0.001"/>
</testsuite> <!-- learn_testNG.WebTesting -->
