<?xml version="1.0" encoding="UTF-8"?>
<!-- Generated by org.testng.reporters.JUnitReportReporter -->
<testsuite hostname="DESKTOP-8C0LO3K" failures="0" tests="1" name="learn_testNG.MobileTesting" time="0.001" errors="0" timestamp="2024-06-07T12:04:47 IST" skipped="0">
  <testcase classname="learn_testNG.MobileTesting" name="firstMobileTest" time="0.001"/>
</testsuite> <!-- learn_testNG.MobileTesting -->
