<?xml version="1.0" encoding="UTF-8"?>
<!-- Generated by org.testng.reporters.JUnitReportReporter -->
<testsuite hostname="DESKTOP-8C0LO3K" failures="0" tests="2" name="learnListener.MYTest" time="0.011" errors="0" timestamp="2024-06-21T18:54:18 IST" skipped="0">
  <testcase classname="learnListener.MYTest" name="vinod" time="0.002"/>
  <testcase classname="learnListener.MYTest" name="prashant" time="0.009"/>
</testsuite> <!-- learnListener.MYTest -->
