<?xml version="1.0" encoding="UTF-8"?>
<!-- Generated by org.testng.reporters.JUnitReportReporter -->
<testsuite hostname="DESKTOP-8C0LO3K" failures="0" tests="1" name="basics.TestDemoBookClick" time="6.921" errors="0" timestamp="2024-06-18T11:31:48 IST" skipped="0">
  <testcase classname="basics.TestDemoBookClick" name="test" time="6.921"/>
</testsuite> <!-- basics.TestDemoBookClick -->
